n QJ.KQ54.75.76532
e AK84.A83.K62.AKQ
s 976532.J.T4.JT94
w T.T9762.AQJ983.8
n K94.98732.3.T974
e A863.AQ.AQJ.KQJ5
s Q5.J6.K962.A8632
w JT72.KT54.T8754.
n J942.A763.8763.8
e KQ75.KQ9.AKQT.KQ
s A.T2.542.JT75432
w T863.J854.J9.A96
n J76.87.9762.AQ84
e A9.AKQ4.KQJ3.KJ3
s KQ5.652.AT85.T97
w T8432.JT93.4.652
n T74.T4.AJ632.963
e AQJ.AK.KT9.AQT74
s 98.QJ963.874.K85
w K6532.8752.Q5.J2
n 92.T875.Q93.QT74
e Q54.AK4.AK75.AK6
s K76.QJ93.T82.953
w AJT83.62.J64.J82
n A72.J543.952.643
e QJT.AK7.AK73.AK2
s 65.QT98.T864.QJT
w K9843.62.QJ.9875
n A97.32.542.AQ872
e KQ2.AK65.AK86.KJ
s JT.JT984.973.T94
w 86543.Q7.QJT.653
Generated 20583 hands
Produced 8 hands
Initial random seed 1636937103
Time needed    0.023 sec
