8 6 5               A K 4 
A J 9 6             K Q 8 7 
J T 8 6             A K 2 
Q 2                 A J 5 

T 5 4               K J 8 
K 7 5 2             A Q 9 4 
3 2                 A K J 7 
K J T 5             A Q 

6 4 2               A K 9 
A 7 6 4             K Q 
9 5 2               A K Q 7 6 
J 6 4               Q T 9 

7 6                 A K J T 
Q 7 4 3             A K J 
Q 8 5               A J T 
A 9 6 3             Q J 2 

J T 8               A K 
A 9 8 4             K Q 2 
K T 8 7             A J 6 5 
K 6                 A Q T 9 

Q 9 7 5 3           A 4 2 
T 6 2               A K Q 5 
K 6 2               A Q 9 4 
T 3                 A 2 

A Q 5 3             K J 7 
J 7 6 3             A 5 
T 7 4               K Q J 6 
9 8                 A K Q 7
 
1 2 3 4 5 6 7 8 9 T 
K 8                 Q 9 3 2 
J 9 6 5 4 3         A K 8 
Q 6 3 2             A K 
Q                   A K 9 8 

Generated 10612 hands
Produced 8 hands
Initial random seed 1636936761
Time needed    0.016 sec
