
Frequency KnR North:
  500	       0
  550	       0
  600	     164
  650	     163
  700	     226
  750	     192
  800	     214
  850	     210
  900	     254
  950	     206
 1000	     207
 1050	     221
 1100	     244
 1150	     224
 1200	     220
 1250	     198
 1300	     217
 1350	     229
 1400	     173
 1450	     179
 1500	     159
 1550	     137
 1600	     133
 1650	     108
 1700	     106
 1750	      89
 1800	     102
 1850	      78
 1900	      61
 1950	      47
 2000	      38
 2050	      37
 2100	      35
 2150	      27
 2200	      27
High	      75

Showing 2D freq with Description[ KnR(down) Vs HCP  ]
         Low      5      6      7      8      9     10     11     12     13     14     15     16     17     18     19     20     21     22   High    Sum
 Low       0      0      0      0      0      0      0      0      0      0      0      0      0      0      0      0      0      0      0      0      0
 500       0      0      0      0      0      0      0      0      0      0      0      0      0      0      0      0      0      0      0      0      0
 550       0      0      0      0      0      0      0      0      0      0      0      0      0      0      0      0      0      0      0      0      0
 600      20     24     34     56     28      2      0      0      0      0      0      0      0      0      0      0      0      0      0      0    164
 650      14     16     43     51     28     11      0      0      0      0      0      0      0      0      0      0      0      0      0      0    163
 700      16     26     26     70     59     27      1      1      0      0      0      0      0      0      0      0      0      0      0      0    226
 750       7     18     21     41     55     42      8      0      0      0      0      0      0      0      0      0      0      0      0      0    192
 800       4     11     22     54     50     49     23      1      0      0      0      0      0      0      0      0      0      0      0      0    214
 850       3      2     29     35     50     51     31      9      0      0      0      0      0      0      0      0      0      0      0      0    210
 900       0      5     21     40     54     61     51     18      4      0      0      0      0      0      0      0      0      0      0      0    254
 950       0      2      5     22     34     47     56     35      5      0      0      0      0      0      0      0      0      0      0      0    206
1000       0      3      8     24     38     28     47     45     13      1      0      0      0      0      0      0      0      0      0      0    207
1050       0      2      1     18     27     41     47     43     33      9      0      0      0      0      0      0      0      0      0      0    221
1100       1      0      2     12     26     41     44     69     38     11      0      0      0      0      0      0      0      0      0      0    244
1150       0      0      5      9     23     25     44     52     44     21      1      0      0      0      0      0      0      0      0      0    224
1200       0      0      1      4     13     29     39     46     45     32     11      0      0      0      0      0      0      0      0      0    220
1250       0      0      0      1      7     24     16     43     48     33     24      2      0      0      0      0      0      0      0      0    198
1300       1      0      1      1      6     12     34     35     39     48     32      5      3      0      0      0      0      0      0      0    217
1350       0      0      1      1      1     11     21     45     40     55     40     14      0      0      0      0      0      0      0      0    229
1400       0      0      0      1      4      4     22     34     19     25     41     18      5      0      0      0      0      0      0      0    173
1450       0      0      0      1      3      3     13     29     27     23     36     37      7      0      0      0      0      0      0      0    179
1500       0      0      0      0      0      2      6     19     32     29     29     27     14      1      0      0      0      0      0      0    159
1550       0      0      0      0      0      3      4      8     21     17     24     28     25      7      0      0      0      0      0      0    137
1600       0      0      0      1      0      3      5     11     21     21     16     22     23      9      1      0      0      0      0      0    133
1650       0      0      0      0      1      0      5      3     11     21     18     16     18     10      5      0      0      0      0      0    108
1700       0      0      0      0      0      0      0      5      9     10     14     17     22     22      6      1      0      0      0      0    106
1750       0      0      0      0      0      0      1      2      5     14     11     16     15     15      8      2      0      0      0      0     89
1800       0      0      0      0      1      2      1      0      4     12      9     20     20     14     12      7      0      0      0      0    102
1850       0      0      0      0      0      0      2      0      1     10     16     10     12      9     11      6      1      0      0      0     78
1900       0      0      0      0      0      1      0      0      2      4      6     13     10      7      6      8      3      1      0      0     61
1950       0      0      0      0      0      0      0      1      1      2      3      8     10     10      2      6      4      0      0      0     47
2000       0      0      0      0      0      0      0      0      2      0      3      3      7      6      6      4      6      1      0      0     38
2050       0      0      0      0      0      0      0      0      0      0      1      2      5      5      3      9      8      4      0      0     37
2100       0      0      0      0      0      0      0      0      0      2      5      2      2      3      5      5      4      6      1      0     35
2150       0      0      0      0      0      0      1      0      1      0      0      0      3      5      6      5      1      3      2      0     27
2200       0      0      0      0      0      0      0      0      2      0      0      2      1      5      6      5      2      2      1      1     27
 High      0      0      0      0      0      0      0      1      0      0      2      2      3      7      5     10      9      8      9     19     75
 Sum      66    109    220    442    508    519    522    555    467    400    342    264    205    135     82     68     38     25     13     20   5000
