Generated 10000000 hands

HCP Distribution
================
 #     N           E           S           W
       %  diff     %  diff     %  diff     %  diff
 0  0.35 -0.01  0.36 -0.00  0.37  0.01  0.38  0.02  0.36
 1  0.77 -0.02  0.78 -0.01  0.80  0.01  0.82  0.03  0.79
 2  1.32 -0.03  1.34 -0.01  1.36  0.01  1.39  0.04  1.35
 3  2.40 -0.06  2.46 -0.00  2.48  0.02  2.52  0.06  2.46
 4  3.77 -0.08  3.82 -0.03  3.87  0.02  3.93  0.08  3.85
 5  5.10 -0.09  5.15 -0.04  5.21  0.02  5.28  0.09  5.19
 6  6.48 -0.07  6.51 -0.04  6.58  0.03  6.64  0.09  6.55
 7  7.96 -0.07  8.00 -0.03  8.05  0.02  8.09  0.06  8.03
 8  8.82 -0.07  8.86 -0.03  8.91  0.02  8.95  0.06  8.89
 9  9.34 -0.02  9.35 -0.01  9.36  0.00  9.40  0.04  9.36
10  9.43  0.02  9.41 -0.00  9.41  0.00  9.40 -0.01  9.41
11  8.97  0.03  8.95  0.01  8.93 -0.01  8.90 -0.04  8.94
12  8.09  0.06  8.03 -0.00  8.02 -0.01  7.97 -0.06  8.03
13  6.97  0.06  6.95  0.04  6.88 -0.03  6.84 -0.07  6.91
14  5.76  0.07  5.72  0.03  5.68 -0.01  5.61 -0.08  5.69
15  4.48  0.06  4.45  0.03  4.40 -0.02  4.35 -0.07  4.42
16  3.38  0.07  3.34  0.03  3.29 -0.02  3.25 -0.06  3.31
17  2.42  0.06  2.38  0.02  2.35 -0.01  2.30 -0.06  2.36
18  1.64  0.03  1.62  0.01  1.59 -0.02  1.56 -0.05  1.61
19  1.06  0.02  1.05  0.01  1.03 -0.01  1.01 -0.03  1.04
20  0.66  0.02  0.66  0.02  0.64  0.00  0.62 -0.02  0.64
21  0.39  0.01  0.39  0.01  0.37 -0.01  0.37 -0.01  0.38
22  0.22  0.01  0.21  0.00  0.21 -0.00  0.20 -0.01  0.21
23  0.12  0.01  0.11  0.00  0.11  0.00  0.11 -0.00  0.11
24  0.06 -0.00  0.06 -0.00  0.05 -0.01  0.05 -0.01  0.06
25  0.03 -0.00  0.03 -0.00  0.03 -0.00  0.02 -0.01  0.03
26  0.01  0.00  0.01  0.00  0.01  0.00  0.01  0.00  0.01
27  0.01  0.01  0.00  0.00  0.00  0.00  0.00  0.00  0.00
28  0.00  0.00  0.00  0.00  0.00  0.00  0.00  0.00  0.00
29  0.00  0.00  0.00  0.00  0.00  0.00  0.00  0.00  0.00
30  0.00  0.00  0.00  0.00  0.00  0.00  0.00  0.00  0.00
31  0.00  0.00  0.00  0.00  0.00  0.00  0.00  0.00  0.00
32  0.00  0.00  0.00  0.00  0.00  0.00  0.00  0.00  0.00
33  0.00  0.00  0.00  0.00  0.00  0.00  0.00  0.00  0.00
34  0.00  0.00  0.00  0.00  0.00  0.00  0.00  0.00  0.00
35  0.00  0.00  0.00  0.00  0.00  0.00  0.00  0.00  0.00
36  0.00  0.00  0.00  0.00  0.00  0.00  0.00  0.00  0.00
37  0.00  0.00  0.00  0.00  0.00  0.00  0.00  0.00  0.00

Spades Distribution
=====================
 #     N            E            S            W
       %   diff     %   diff     %   diff     %   diff
 0  1.14 -0.134  1.22 -0.051  1.32  0.050  1.46  0.188  1.27
 1  7.37 -0.636  7.73 -0.282  8.21  0.198  8.76  0.752  8.01
 2 19.62 -0.973 20.23 -0.360 20.86  0.271 21.62  1.028 20.59
 3 28.36 -0.273 28.49 -0.140 28.72  0.094 28.89  0.262 28.63
 4 24.50  0.635 24.15  0.279 23.67 -0.199 23.11 -0.757 23.87
 5 13.25  0.780 12.80  0.326 12.23 -0.242 11.60 -0.875 12.47
 6  4.60  0.440  4.32  0.164  4.02 -0.135  3.71 -0.450  4.16
 7  1.01  0.130  0.93  0.048  0.84 -0.036  0.75 -0.132  0.88
 8  0.14  0.019  0.13  0.006  0.11 -0.010  0.10 -0.024  0.12
 9  0.01  0.002  0.01 -0.000  0.01 -0.001  0.01 -0.003  0.01
10  0.00  0.001  0.00  0.001  0.00  0.000  0.00  0.000  0.00
11  0.00  0.000  0.00  0.000  0.00  0.000  0.00  0.000  0.00
12  0.00  0.000  0.00  0.000  0.00  0.000  0.00  0.000  0.00
13  0.00  0.000  0.00  0.000  0.00  0.000  0.00  0.000  0.00

Hearts Distribution
=====================
 #     N            E            S            W
       %   diff     %   diff     %   diff     %   diff
 0  1.23 -0.040  1.26 -0.006  1.30  0.026  1.34  0.074  1.27
 1  7.79 -0.223  7.90 -0.110  8.06  0.046  8.27  0.258  8.01
 2 20.26 -0.331 20.47 -0.118 20.68  0.085 20.92  0.329 20.59
 3 28.54 -0.094 28.59 -0.043 28.65  0.020 28.75  0.116 28.63
 4 24.10  0.234 23.96  0.091 23.81 -0.057 23.62 -0.252 23.87
 5 12.74  0.269 12.57  0.101 12.40 -0.072 12.16 -0.313 12.47
 6  4.29  0.128  4.22  0.055  4.12 -0.040  4.00 -0.161  4.16
 7  0.92  0.043  0.90  0.022  0.87 -0.011  0.83 -0.047  0.88
 8  0.12  0.005  0.12 -0.002  0.11 -0.005  0.11 -0.012  0.12
 9  0.01 -0.000  0.01 -0.000  0.01 -0.001  0.01 -0.002  0.01
10  0.00  0.000  0.00  0.000  0.00  0.000  0.00  0.000  0.00
11  0.00  0.000  0.00  0.000  0.00  0.000  0.00  0.000  0.00
12  0.00  0.000  0.00  0.000  0.00  0.000  0.00  0.000  0.00
13  0.00  0.000  0.00  0.000  0.00  0.000  0.00  0.000  0.00

Diamonds Distribution
=====================
 #     N            E            S            W
       %   diff     %   diff     %   diff     %   diff
 0  1.33  0.064  1.31  0.035  1.26 -0.008  1.22 -0.049  1.27
 1  8.23  0.216  8.09  0.079  7.95 -0.061  7.75 -0.263  8.01
 2 20.88  0.292 20.73  0.144 20.48 -0.115 20.24 -0.350 20.59
 3 28.73  0.104 28.67  0.038 28.64  0.008 28.54 -0.089 28.63
 4 23.63 -0.238 23.77 -0.101 23.92  0.046 24.12  0.246 23.87
 5 12.22 -0.255 12.35 -0.118 12.54  0.068 12.76  0.293 12.47
 6  4.01 -0.147  4.09 -0.065  4.20  0.043  4.31  0.148  4.16
 7  0.84 -0.036  0.86 -0.016  0.89  0.012  0.93  0.048  0.88
 8  0.11 -0.009  0.11 -0.005  0.12 -0.002  0.12  0.005  0.12
 9  0.01 -0.001  0.01 -0.001  0.01 -0.000  0.01  0.000  0.01
10  0.00  0.000  0.00  0.001  0.00  0.000  0.00  0.000  0.00
11  0.00  0.000  0.00  0.000  0.00  0.000  0.00  0.000  0.00
12  0.00  0.000  0.00  0.000  0.00  0.000  0.00  0.000  0.00
13  0.00  0.000  0.00  0.000  0.00  0.000  0.00  0.000  0.00

Clubs Distribution
=====================
 #     N            E            S            W
       %   diff     %   diff     %   diff     %   diff
 0  1.44  0.168  1.34  0.069  1.23 -0.036  1.11 -0.160  1.27
 1  8.70  0.689  8.28  0.270  7.82 -0.191  7.30 -0.712  8.01
 2 21.53  0.942 20.94  0.347 20.31 -0.283 19.54 -1.046 20.59
 3 28.86  0.225 28.74  0.115 28.55 -0.076 28.29 -0.338 28.63
 4 23.20 -0.668 23.62 -0.251 24.05  0.178 24.56  0.694 23.87
 5 11.65 -0.816 12.15 -0.316 12.71  0.243 13.38  0.905 12.47
 6  3.75 -0.412  3.97 -0.185  4.28  0.116  4.65  0.486  4.16
 7  0.77 -0.113  0.84 -0.045  0.92  0.037  1.02  0.139  0.88
 8  0.10 -0.022  0.11 -0.013  0.12  0.002  0.14  0.020  0.12
 9  0.01 -0.003  0.01 -0.002  0.01  0.000  0.01  0.001  0.01
10  0.00  0.000  0.00  0.000  0.00  0.000  0.00  0.000  0.00
11  0.00  0.000  0.00  0.000  0.00  0.000  0.00  0.000  0.00
12  0.00  0.000  0.00  0.000  0.00  0.000  0.00  0.000  0.00
13  0.00  0.000  0.00  0.000  0.00  0.000  0.00  0.000  0.00

Individual Cards
================
  Spades                  Hearts                  Diamonds                Clubs
#     N     E     S     W     N     E     S     W     N     E     S     W     N     E     S     W
2  0.36  0.15 -0.12 -0.39  0.01  0.01 -0.00 -0.01 -0.68 -0.29  0.20  0.77 -0.68 -0.29  0.20  0.77 
3  0.41  0.15 -0.12 -0.44  0.04  0.02 -0.01 -0.05 -0.32 -0.13  0.11  0.33 -0.66 -0.29  0.21  0.73 
4  0.41  0.17 -0.11 -0.47  0.05  0.02  0.01 -0.08 -0.28 -0.11  0.07  0.33 -0.64 -0.25  0.17  0.72 
5  0.46  0.17 -0.15 -0.48  0.08  0.08 -0.04 -0.12 -0.27 -0.10  0.06  0.31 -0.63 -0.24  0.18  0.68 
6  0.47  0.19 -0.12 -0.54  0.14  0.06 -0.04 -0.15 -0.21 -0.11  0.09  0.22 -0.59 -0.22  0.17  0.64 
7  0.49  0.21 -0.16 -0.54  0.16  0.04 -0.04 -0.17 -0.21 -0.09  0.07  0.23 -0.56 -0.22  0.17  0.61 
8  0.51  0.21 -0.16 -0.57  0.18  0.07 -0.03 -0.21 -0.17 -0.08  0.05  0.20 -0.53 -0.19  0.15  0.57 
9  0.57  0.21 -0.18 -0.61  0.19  0.10 -0.05 -0.24 -0.15 -0.08  0.04  0.19 -0.49 -0.19  0.12  0.55 
T  0.59  0.23 -0.20 -0.62  0.23  0.10 -0.06 -0.27 -0.11 -0.05  0.04  0.12 -0.47 -0.20  0.14  0.53 
J  0.61  0.23 -0.16 -0.68  0.26  0.09 -0.08 -0.27 -0.11 -0.04  0.04  0.11 -0.45 -0.18  0.13  0.50 
Q  0.62  0.28 -0.18 -0.71  0.30  0.11 -0.09 -0.31 -0.05 -0.03  0.02  0.06 -0.41 -0.18  0.13  0.46 
K  0.65  0.28 -0.20 -0.73  0.32  0.12 -0.07 -0.37 -0.05 -0.02  0.01  0.06 -0.41 -0.14  0.12  0.43 
A  0.69  0.29 -0.20 -0.78  0.34  0.12 -0.09 -0.37  0.00 -0.02 -0.02  0.04 -0.37 -0.15  0.08  0.43 
