[Event "Hand simulated by dealer with file pbn_s179.dli, seed 179"]
[Site "-"]
[Description "West Big Club; Both Vul; North Deals"]
[Generator "Dealer Version 2.0 by Hans, Henk, and JGM"]
[Date "2023.03.21"]
[Board "1"]
[West "-"]
[North "-"]
[East "-"]
[South "-"]
[Dealer "N"]
[Vulnerable "All"]
[Deal "N:Q832.64.QT94.JT8 T9.QT73.J2.KQ972 KJ654.982.A8.654 A7.AKJ5.K7653.A3"]
[Declarer "?"]
[Contract "?"]
[Result "?"]

[Event "Hand simulated by dealer with file pbn_s179.dli, seed 179"]
[Site "-"]
[Description "West Big Club; Both Vul; North Deals"]
[Generator "Dealer Version 2.0 by Hans, Henk, and JGM"]
[Date "2023.03.21"]
[Board "2"]
[West "-"]
[North "-"]
[East "-"]
[South "-"]
[Dealer "N"]
[Vulnerable "All"]
[Deal "N:KT865.K853.J953. QJ3.AJ74.Q62.J63 742.QT6.T.T98742 A9.92.AK874.AKQ5"]
[Declarer "?"]
[Contract "?"]
[Result "?"]

[Event "Hand simulated by dealer with file pbn_s179.dli, seed 179"]
[Site "-"]
[Description "West Big Club; Both Vul; North Deals"]
[Generator "Dealer Version 2.0 by Hans, Henk, and JGM"]
[Date "2023.03.21"]
[Board "3"]
[West "-"]
[North "-"]
[East "-"]
[South "-"]
[Dealer "N"]
[Vulnerable "All"]
[Deal "N:52.97.KJ973.K874 J943.AJ832.T.QJT Q86.KQT64.862.32 AKT7.5.AQ54.A965"]
[Declarer "?"]
[Contract "?"]
[Result "?"]

[Event "Hand simulated by dealer with file pbn_s179.dli, seed 179"]
[Site "-"]
[Description "West Big Club; Both Vul; North Deals"]
[Generator "Dealer Version 2.0 by Hans, Henk, and JGM"]
[Date "2023.03.21"]
[Board "4"]
[West "-"]
[North "-"]
[East "-"]
[South "-"]
[Dealer "N"]
[Vulnerable "All"]
[Deal "N:JT72.T82.J9.T543 AQ94.QJ3.84.J876 K6.K974.Q532.K92 853.A65.AKT76.AQ"]
[Declarer "?"]
[Contract "?"]
[Result "?"]

