 n A32.KJT9.K2.J875 s KQJ96.532.A854.6 
 n 842.A972.QJT4.AJ s AKJT6.Q4.9863.Q6 
 n AK.J.AQJ743.Q853 s QJT8542.T93.8.K9 
 n KQ3.AK84.AJ42.KT s AJ97542.T97.8.65 
 n KQ93.T962.A5.862 s AJ54.A7.QJT4.J43 
 n 9763.T.Q987.KJ95 s KT542.A65.AJ2.A8 
 n AQJ92.Q93.4.KJT4 s 865.JT52.QJT3.A6 
 n Q42.976.984.AKQ3 s KT853.Q3.AJ2.752 
 n 943.J865.AQ4.975 s AQJ865.A3.J9.QT2 
 n A75.A942.KT8.A96 s KQT93.QT7.Q96.42 
 n T76.K72.AK9753.2 s A9852.AQ6.T2.A65 
 n AJT865.A87.J8.Q8 s KQ7.Q962.76.AT54 
 n A85.QJT.9543.A63 s KJT64.K62.KQT2.2 
 n Q7654.A4.854.K64 s T983.KQ52.AJ9.Q8 
 n Q74.K543.AQ.AK82 s AT983..T73.QJT53 
 n T43.K.A64.AQ9864 s AK965.QT6542.Q.5 
 n T8643.AQJ4.KT5.T s A92.K9862.QJ.K65 
 n AKJ874.96.K932.5 s Q96.AJT.T75.AK42 
 n KQJT7.KQ5.KQ8.K6 s A953.T97432.T7.T 
 n A93.874.KQ943.Q5 s JT8764.A6.AT.JT2 
HCP   : Mean=   22.8500, Std Dev=    1.4244, Var=    2.0289, Sample Size=20 
Berg  : Mean=   29.2000, Std Dev=    3.8058, Var=   14.4842, Sample Size=20 
DKP   : Mean=   26.7500, Std Dev=    2.9357, Var=    8.6184, Sample Size=20 
JGM   : Mean=   26.4000, Std Dev=    3.3935, Var=   11.5158, Sample Size=20 
Karpin: Mean=   25.9500, Std Dev=    3.0171, Var=    9.1026, Sample Size=20 
KnR   : Mean=   26.4500, Std Dev=    4.6507, Var=   21.6289, Sample Size=20 
CCCC  : Mean=   24.6000, Std Dev=    3.5303, Var=   12.4632, Sample Size=20 
LAR   : Mean=   25.5000, Std Dev=    2.3283, Var=    5.4211, Sample Size=20 
Morse : Mean=   25.7500, Std Dev=    2.7121, Var=    7.3553, Sample Size=20 
Pav   : Mean=   25.8500, Std Dev=    3.5135, Var=   12.3447, Sample Size=20 
4STrix: Mean=    9.3500, Std Dev=    1.0400, Var=    1.0816, Sample Size=20 

Contract  3S  V by  NS Average Result =   115.50, Made pct=   85.00, Fail pct=   15.00
Missed Game_pct=   40.00, Missed Slam_pct=   0.00, Missed Game Imps/board=   4.00, Missed Slam Imps/board=   0.00

Contract  4S  V by  NS Average Result =   172.50, Made pct=   40.00, Fail pct=   60.00
Missed Game_pct=    0.00, Missed Slam_pct=   0.00, Missed Game Imps/board=   0.00, Missed Slam Imps/board=   0.00
