                  [This is the problem from the User Guide -- inherited from Dealer V1]
   1. North              East                South               West 
     K 3                 T 7                 A Q 5 4 2           J 9 8 6 
     5                   T 6 4 3 2           K J 8 7             A Q 9 
     K T 9 8 7 6 4       Q J                 3 2                 A 5 
     J 6 2               Q T 9 5             A K                 8 7 4 3 

   2. North              East                South               West 
     K J 8               T 9 7 3             A Q 5 4 2           6 
     6 4                 9 5 2               K J 8 7             A Q T 3 
     Q T 8 7 5 4         K 6                 3 2                 A J 9 
     J 2                 6 5 4 3             A K                 Q T 9 8 7 

   3. North              East                South               West 
     7 6                 T 9                 A Q 5 4 2           K J 8 3 
     9 6                 T 5 4 2             K J 8 7             A Q 3 
     A K J T 9 5         7 6                 3 2                 Q 8 4 
     J T 9               Q 7 5 4 2           A K                 8 6 3 

   4. North              East                South               West 
     T                   J 8 6               A Q 5 4 2           K 9 7 3 
     Q 6 2               T 9 5 4             K J 8 7             A 3 
     K Q J 6 5 4         T 9 7               3 2                 A 8 
     J 6 5               Q 7 3               A K                 T 9 8 4 2 

   5. North              East                South               West 
     8 7                 T 9 6               A Q 5 4 2           K J 3 
     A 3                 T 9 6 2             K J 8 7             Q 5 4 
     K Q J T 7 5 4       9 8 6               3 2                 A 
     9 6                 Q 8 3               A K                 J T 7 5 4 2 

   6. North              East                South               West 
     8 6 3               T 9                 A Q 5 4 2           K J 7 
     T                   A 9 6 5 4           K J 8 7             Q 3 2 
     K Q J T 7 4         9 8                 3 2                 A 6 5 
     T 8 6               J 9 7 3             A K                 Q 5 4 2 

   7. North              East                South               West 
     T 7                 K 9 6 3             A Q 5 4 2           J 8 
     4 2                 T 6 3               K J 8 7             A Q 9 5 
     A J T 7 5 4         9 8                 3 2                 K Q 6 
     Q 9 3               8 7 6 5             A K                 J T 4 2 

   8. North              East                South               West 
     9 7                 J T 8 3             A Q 5 4 2           K 6 
     A Q 5               T 6 2               K J 8 7             9 4 3 
     K J T 9 8 4         6                   3 2                 A Q 7 5 
     7 2                 J 9 8 6 3           A K                 Q T 5 4 

   9. North              East                South               West 
     J T 7               K 3                 A Q 5 4 2           9 8 6 
     6 4 2               T 9 5               K J 8 7             A Q 3 
     K Q J 7 6 4         9 8                 3 2                 A T 5 
     7                   Q T 9 5 4 3         A K                 J 8 6 2 

  10. North              East                South               West 
     6 3                 J T 8 7             A Q 5 4 2           K 9 
     A Q                 T 4 3 2             K J 8 7             9 6 5 
     K Q 8 7 6 4         9 5                 3 2                 A J T 
     8 7 2               T 9 3               A K                 Q J 6 5 4 

                  [This is the problem from the User Guide -- inherited from Dealer V1]
  11. North              East                South               West 
     J 7                 9 8 6               A Q 5 4 2           K T 3 
     Q 9 6               5 4 3 2             K J 8 7             A T 
     K J T 7 6 4         9                   3 2                 A Q 8 5 
     Q 8                 T 6 5 3 2           A K                 J 9 7 4 

  12. North              East                South               West 
     T 9                 J 8 7 6             A Q 5 4 2           K 3 
     5 4 3               Q 9 2               K J 8 7             A T 6 
     K Q J T 8 4         7                   3 2                 A 9 6 5 
     J 2                 T 8 7 5 3           A K                 Q 9 6 4 

  13. North              East                South               West 
     T 8                 9 7 6 3             A Q 5 4 2           K J 
     5 4                 T 6 3               K J 8 7             A Q 9 2 
     A Q 9 7 6 5         J T 4               3 2                 K 8 
     4 3 2               Q J 8               A K                 T 9 7 6 5 

  14. North              East                South               West 
     J 8 6               K T 9 3             A Q 5 4 2           7 
     T 2                 9 6 4               K J 8 7             A Q 5 3 
     K Q J 7 6 4         T                   3 2                 A 9 8 5 
     T 6                 Q 9 7 5 2           A K                 J 8 4 3 

  15. North              East                South               West 
     K 7 3               9                   A Q 5 4 2           J T 8 6 
     T 9                 6 4 2               K J 8 7             A Q 5 3 
     A T 8 7 6 4         K 9 5               3 2                 Q J 
     6 2                 Q T 7 5 4 3         A K                 J 9 8 

  16. North              East                South               West 
     7 3                 T 9 6               A Q 5 4 2           K J 8 
     Q 9 6               A T 3 2             K J 8 7             5 4 
     K J 9 7 6 4         Q T 8               3 2                 A 5 
     6 4                 9 3 2               A K                 Q J T 8 7 5 

  17. North              East                South               West 
     K T 6               9 3                 A Q 5 4 2           J 8 7 
     4                   Q 9 5 3             K J 8 7             A T 6 2 
     A J 8 7 6 5 4       Q T                 3 2                 K 9 
     T 5                 8 7 4 3 2           A K                 Q J 9 6 

  18. North              East                South               West 
     T 8                 9 7 6               A Q 5 4 2           K J 3 
     9 6                 Q T 5 4 3           K J 8 7             A 2 
     K Q J 6 5 4         T                   3 2                 A 9 8 7 
     Q J 4               T 9 7 2             A K                 8 6 5 3 

  19. North              East                South               West 
     J                   9 8 6               A Q 5 4 2           K T 7 3 
     A 3                 T 9 5 4             K J 8 7             Q 6 2 
     A J 9 8 7 6 4       T 5                 3 2                 K Q 
     8 3 2               J T 9 7             A K                 Q 6 5 4 

  20. North              East                South               West 
     9 7 3               T 8 6               A Q 5 4 2           K J 
     T 4                 Q 6 5 2             K J 8 7             A 9 3 
     A Q T 8 7 5         K 6 4               3 2                 J 9 
     J 7                 9 8 6               A K                 Q T 5 4 3 2 

                  [This is the problem from the User Guide -- inherited from Dealer V1]
  21. North              East                South               West 
     9 7                 J 8 6               A Q 5 4 2           K T 3 
     Q T                 A 9 6 5 3           K J 8 7             4 2 
     K J T 8 5 4         7 6                 3 2                 A Q 9 
     J 8 2               6 5 3               A K                 Q T 9 7 4 

  22. North              East                South               West 
     8 6                 T 9                 A Q 5 4 2           K J 7 3 
     A 3                 T 6 5 2             K J 8 7             Q 9 4 
     A T 8 7 6 4         Q 9                 3 2                 K J 5 
     9 5 2               Q T 6 4 3           A K                 J 8 7 

  23. North              East                South               West 
     7 3                 9 8                 A Q 5 4 2           K J T 6 
     9 4                 T 6 5 3             K J 8 7             A Q 2 
     A K Q T 8 5 4       J 9 6               3 2                 7 
     T 4                 J 8 7 2             A K                 Q 9 6 5 3 

  24. North              East                South               West 
     8 3                 T 9                 A Q 5 4 2           K J 7 6 
     A 6 4               9 5 2               K J 8 7             Q T 3 
     K 9 8 7 6 4         Q T 5               3 2                 A J 
     T 4                 Q 9 8 5 3           A K                 J 7 6 2 

  25. North              East                South               West 
     J T 3               8                   A Q 5 4 2           K 9 7 6 
     Q 6 5               4 3                 K J 8 7             A T 9 2 
     K J T 6 5 4         Q 9 8 7             3 2                 A 
     4                   T 9 8 6 5 3         A K                 Q J 7 2 

