Contract  4S  V by  NS Average Result =   472.00, Success pct=   77.30, Fail pct=   22.70 
Frequency HCP_NS (down) vs DDS(south,Spades) accross:
        Low      6      7      8      9     10     11     12   High    Sum
Low       0      0      0      0      0      0      0      0      0      0
  23      0      0      5     29     55     68     38      6      1    202
  24      0      0      1     16     44     71     53     16      4    205
  25      0      0      0      5     36     64     62     14      2    183
  26      0      0      0      4     18     47     41     21      4    135
  27      0      0      0      1      5     14     37     22      5     84
  28      0      0      0      0      5      9     28     24      4     70
  29      0      0      0      0      3      2     19     22      4     50
  30      0      0      0      0      0      3      5     19      4     31
  31      0      0      0      0      0      1      6      9      8     24
  32      0      0      0      0      0      1      1      4      4     10
  33      0      0      0      0      0      0      0      2      1      3
  34      0      0      0      0      0      0      0      2      0      2
  35      0      0      0      0      0      0      0      0      0      0
  36      0      0      0      0      0      0      0      0      1      1
  37      0      0      0      0      0      0      0      0      0      0
High      0      0      0      0      0      0      0      0      0      0
Sum       0      0      6     55    166    280    290    161     42   1000


Pavlicek Simulation of 4M: 8+fit, no 7+ suits -- HcP>=23
Generated 13819 hands
Produced  1000 hands
Initial random seed 90530553472246
Time needed   13.912 sec
