Contract  4S  V by  NS Average Result =   373.96, Success pct=   65.60, Fail pct=   34.40 

Showing 2D freq with Description[ KnR(down)  vs South Tricks(accross) ]
         Low      6      7      8      9     10     11     12   High    Sum
 Low       0      0      0      0      0      0      0      0      0      0
2300       0      1      4     26     34     19      5      0      0     89
2350       0      0      6     18     32     21      5      0      0     82
2400       0      0      4      9     15     27      6      0      0     61
2450       0      0      2     10     32     24     11      0      0     79
2500       0      0      4      7     26     22      9      0      0     68
2550       0      1      1      6     21     20     15      0      0     64
2600       0      1      0      6     22     22     10      1      0     62
2650       0      0      0      3     11     25     14      0      0     53
2700       0      0      0      3     10     21     11      3      0     48
2750       0      0      1      1     11     18     14      4      1     50
2800       0      0      0      0      5     14     19      3      1     42
2850       0      0      0      0      1     14     14      7      1     37
2900       0      0      0      0      3     10     15      8      1     37
2950       0      0      0      0      1      7     14      7      2     31
3000       0      0      0      0      1      7     11      6      2     27
3050       0      0      0      0      4      5     11      6      0     26
3100       0      0      0      0      1      4      8     13      3     29
3150       0      0      0      0      0      8      9      2      0     19
3200       0      0      0      0      0      1      3     10      0     14
3250       0      0      0      0      0      2      5      6      4     17
3300       0      0      0      0      0      2      2      6      3     13
3350       0      0      0      0      0      1      6      6      1     14
3400       0      0      0      0      0      1      2      4      1      8
3450       0      0      0      0      0      1      2      3      1      7
3500       0      0      0      0      0      0      1      2      1      4
3550       0      0      0      0      0      0      0      2      3      5
3600       0      0      0      0      0      0      2      0      1      3
3650       0      0      0      0      0      0      0      1      1      2
3700       0      0      0      0      0      0      0      0      0      0
 High      0      0      0      0      0      0      0      4      5      9
 Sum       0      3     22     89    230    296    224    104     32   1000

Pavlicek Simulation of 4M: 8+fit, no 7+ suits -- KnR>=23
Generated 9790 hands
Produced  1000 hands
Initial random seed 52043895658429
Time needed   16.379 sec
