Contract  2Nx V by  NS Average Result =  -212.00, Success pct=   20.00, Fail pct=   80.00 
Contract  3Hx   by  EW Average Result =  -607.00, Success pct=   10.00, Fail pct=   90.00 
Par NS      = : Mean=  118.0000, Std Dev=  243.3927, Var=59240.0000, Sample Size=10 
ScoreNS_2NTx= : Mean= -212.0000, Std Dev=  640.2048, Var=409862.2222, Sample Size=10 
ScoreNS_1NT = : Mean=    2.0000, Std Dev=  172.3562, Var=29706.6667, Sample Size=10 
Frequency HCP Vs Tricks:
        Low      5      6      7      8      9     10     11   High    Sum
Low       0      0      0      0      0      0      0      0      0      0
  20      0      0      0      0      0      0      0      0      0      0
  21      2      0      1      3      1      0      0      0      0      7
  22      0      0      0      1      0      0      0      0      0      1
  23      0      0      0      0      0      0      0      0      0      0
  24      0      0      0      1      0      1      0      0      0      2
  25      0      0      0      0      0      0      0      0      0      0
High      0      0      0      0      0      0      0      0      0      0
Sum       2      0      1      5      1      1      0      0      0     10


 Eval Contract, Par, Freq2D, Tricks, Score NS 21-24hcp
Generated 21 hands
Produced  10 hands
Initial random seed 128587209721924
Time needed    1.938 sec
Tot Calls to DDS =    50, DDS Solve Calls=    10
Tot Calls to GIB =     0, GIB Solve Calls=     0
Tot Calls to OPC =     0, OPC Calc  Calls=     0
