                  [Debugging Various Action and Print Routine Mods   ]
   1. North              East                South               West 
     K                   A 5 4               T 9 7 3 2           Q J 8 6 
     Q J 7 3 2           K T 9               8 6 5               A 4 
     T 4 2               J 9 5 3             6                   A K Q 8 7 
     J 9 7 2             8 6 4               Q T 5 3             A K 

   2. North              East                South               West 
     K 8 3               Q 4                 A 9 7 6             J T 5 2 
     A 8 3               T 2                 Q 7 6 5             K J 9 4 
     K 8 6 4 2           J 9 5 3             Q                   A T 7 
     9 6                 A J T 7 3           K Q 8 4             5 2 

   3. North              East                South               West 
     A T 2               J 9 7               K Q 8 6 5 3         4 
     K J T 3             9 8 6 2             4                   A Q 7 5 
     J T                 8 7 5 4             9 2                 A K Q 6 3 
     T 7 6 2             K 8                 A Q 4 3             J 9 5 

   4. North              East                South               West 
     A J T 3 2           K 8                 Q 7                 9 6 5 4 
     K 8                 A Q 7 6 2           J T 5 3             9 4 
     8 5 2               T 4                 A K J 9             Q 7 6 3 
     K 8 2               A J 7 4             Q 9 5               T 6 3 

   5. North              East                South               West 
     A J 7 2             K 9 4               Q T 8 5 3           6 
     4 2                 A Q J T 6           3                   K 9 8 7 5 
     K J 4               9 2                 T 8 7 5 3           A Q 6 
     9 8 7 4             5 3 2               A Q                 K J T 6 

   6. North              East                South               West 
     K 8 7 3             T 6                 Q J 9 4             A 5 2 
     J T 3               A 5                 K 8 7 6             Q 9 4 2 
     A K 5 2             T 8 6 3             J 9 7               Q 4 
     T 2                 Q J 8 6 4           9 3                 A K 7 5 

   7. North              East                South               West 
     Q J 9               A 5                 T 7 2               K 8 6 4 3 
     Q 8                 A 7 6 5 4           K 9 3 2             J T 
     T 8                 A J 5 2             K Q 6 3             9 7 4 
     A Q J 8 6 5         9 7                 T 4                 K 3 2 

   8. North              East                South               West 
     Q 2                 J 6                 A T 8 5             K 9 7 4 3 
     K J 5               9 7 3 2             Q T 8               A 6 4 
     Q J 3 2             K T 9 7 5           8 6 4               A 
     A Q J 7             T 6                 5 3 2               K 9 8 4 

   9. North              East                South               West 
     K T 6               A J 9 5             8 7 3 2             Q 4 
     6 5 3 2             T 9 7               A 4                 K Q J 8 
     5 2                 A Q T               J 8 3               K 9 7 6 4 
     7 5 3 2             A T 6               K J 9 4             Q 8 

  10. North              East                South               West 
     J 9 7               K T 4 3             Q 5 2               A 8 6 
     Q T 4 2             A 7 5               9 3                 K J 8 6 
     8 6                 K Q 9 2             J 4 3               A T 7 5 
     A Q 7 5             K 8                 T 9 4 3 2           J 6 

                  [Debugging Various Action and Print Routine Mods   ]
  11. North              East                South               West 
     K T 7 6 2           Q J 8               9 4 3               A 5 
     K 6                 J 9 8               Q 7 3 2             A T 5 4 
     T                   K J 9 7 5 2         A Q 4               8 6 3 
     Q 7 5 3 2           J                   K 9 6               A T 8 4 

  12. North              East                South               West 
     T 5 2               A K J 9 8 7 3       6 4                 Q 
     A K 9 7             J 6                 Q 8 4 2             T 5 3 
     9 7 5 4 3           K 8                 6 2                 A Q J T 
     T                   9 7                 A K 8 6 2           Q J 5 4 3 

  13. North              East                South               West 
     A T 6               8 4                 K 9 7 5 3           Q J 2 
     A K T 7             5 3 2               8 6                 Q J 9 4 
     4 3                 A 9 8 7             Q T                 K J 6 5 2 
     J T 7 3             9 6 4 2             K Q 8 5             A 

  14. North              East                South               West 
     T 8 5               9                   A Q 7 6 4           K J 3 2 
     Q 2                 A J 8 3             6 5                 K T 9 7 4 
     Q T 4 3 2           A 8                 K J 9 7             6 5 
     K 5 3               A Q T 9 8 7         6 2                 J 4 

  15. North              East                South               West 
     9 5 4 3             K 8                 Q J 7               A T 6 2 
     T 4                 A K 9 5             8 7 3 2             Q J 6 
     Q 9 8 5 4           A T 6               7                   K J 3 2 
     K 3                 T 9 6 4             A J 7 5 2           Q 8 

  16. North              East                South               West 
     Q J 7 2             9 4 3               K 6                 A T 8 5 
     K T 7               Q 9 4 2             A J 8 3             6 5 
     A 6 5               7 4 3               K J 9               Q T 8 2 
     J 6 5               A Q T               9 8 3 2             K 7 4 

  17. North              East                South               West 
     K 7 4               A Q 8               5                   J T 9 6 3 2 
     K 9 6               A 4                 Q 5 3 2             J T 8 7 
     Q T 8 4 2           7 6 3               K J 9 5             A 
     7 5                 Q J 9 6 4           A T 8 2             K 3 

  18. North              East                South               West 
     A T 8 4 3           K 9 5               Q                   J 7 6 2 
     K 4                 9                   J T 8 6 5 2         A Q 7 3 
     Q 3 2               A K 9 4             J 8 5               T 7 6 
     J 8 2               A K Q 9 3           7 6 4               T 5 

  19. North              East                South               West 
     J 8 4               K 7 2               9 6 5               A Q T 3 
     K Q J 7             A 8 5               T 6 3 2             9 4 
     Q 8 3               A 7 4               K J 5               T 9 6 2 
     Q 8 4               A K J T             7 5 2               9 6 3 

  20. North              East                South               West 
     Q 4 3               8 6 5 2             A K 9 7             J T 
     K T 6               9 8 5               J 7 2               A Q 4 3 
     A J 9 5             6 4 2               K Q T 3             8 7 
     T 4 3               K 9 2               Q 6                 A J 8 7 5 

                  [Debugging Various Action and Print Routine Mods   ]
  21. North              East                South               West 
     K Q 4               T 6                 A J 2               9 8 7 5 3 
     T 8 4               A K J               9 7 6 3 2           Q 5 
     Q J 9 7 4 3         T 6                 K 8 5 2             A 
     3                   Q 9 7 5 4 2         T                   A K J 8 6 

  22. North              East                South               West 
     A T 8               K 9 5               7 6 3 2             Q J 4 
     T 9 8 2             A 4 3               K J 7               Q 6 5 
     K 6 5               Q 9 4 3             T                   A J 8 7 2 
     A 9 5               K T 8               Q 7 6 3 2           J 4 

  23. North              East                South               West 
     9 6                 A K Q J 8 3         5 4 2               T 7 
     K 9 8 5             T 3                 A Q J               7 6 4 2 
     J 8 5 3 2           Q 6                 A T 7               K 9 4 
     9 5                 J T 2               K Q 4 3             A 8 7 6 

  24. North              East                South               West 
     Q T 6 3             -                   J 9 8 2             A K 7 5 4 
     K Q 3               8 6 2               A J 9 7             T 5 4 
     Q J 9 5             A K 8 7 4 3         6                   T 2 
     A J                 Q T 9 8             7 6 5 4             K 3 2 

  25. North              East                South               West 
     8 4 2               Q J T               9 7                 A K 6 5 3 
     J T 8 7             K Q 6               A 4 3               9 5 2 
     Q 3                 T 9 8 4 2           K 7 6 5             A J 
     K 9 8 3             6 4                 A Q J 7             T 5 2 

  26. North              East                South               West 
     K 7 3               Q J 8               9 5 2               A T 6 4 
     Q J 4               A K 5 3             8 7 6 2             T 9 
     A J 5 3 2           8 4                 Q T 9               K 7 6 
     T 3                 Q 7 5 2             K 9 8               A J 6 4 

  27. North              East                South               West 
     Q 9 8 2             A K J               7 5 3               T 6 4 
     9 4 3 2             T 7 5               A K J 8             Q 6 
     8 5                 J 9 6 4             A K T 7             Q 3 2 
     9 8 3               Q J 7               K 6                 A T 5 4 2 

  28. North              East                South               West 
     J 8 2               A 4                 3                   K Q T 9 7 6 5 
     7 2                 A 8 4 3             K J T 6 5           Q 9 
     A K T 5 3           8 2                 Q J 7 4             9 6 
     K 6 2               J 8 7 4 3           Q T 9               A 5 

  29. North              East                South               West 
     Q 8 6               4 2                 K 9 7 5             A J T 3 
     A J 9 4 2           7                   K Q 8 5             T 6 3 
     J 7 2               A K Q 8             T 4 3               9 6 5 
     4 3                 A Q T 7 6 2         K 8                 J 9 5 

  30. North              East                South               West 
     J T 8 7 4 3         A                   K 9 5 2             Q 6 
     Q J                 T 6 3 2             A 9 8 4             K 7 5 
     J 9 2               K Q 7 6 5           T 8                 A 4 3 
     Q T                 8 5 2               A K 9               J 7 6 4 3 

                  [Debugging Various Action and Print Routine Mods   ]
  31. North              East                South               West 
     K                   9 8 6 3             A J T 2             Q 7 5 4 
     T 8 4               A 3                 K Q J 7 2           9 6 5 
     6 5 2               Q 9 8               A K 4               J T 7 3 
     A K Q J 9 4         8 7 3 2             5                   T 6 

  32. North              East                South               West 
     7 3 2               K Q T 9             A J 8 6             5 4 
     K J T 9 8 6 3 2     A                   4                   Q 7 5 
     8                   A 6 3               K Q J 7 4 2         T 9 5 
     4                   A K 9 6 2           Q 5                 J T 8 7 3 

  33. North              East                South               West 
     T 4 2               K J 8 6 3           A 5                 Q 9 7 
     A 9 8 6             T 3                 Q J 4               K 7 5 2 
     7 4 3               9                   A Q J 6 5           K T 8 2 
     A 7 2               K Q 8 5 3           J 9 6               T 4 


Debugging Various Action and Print Routine Mods   
Generated 44 hands
Produced 33 hands
Initial random seed 263419839607593
Time needed    0.011 sec
